Arguments: 
  /Users/evertonvanonifernandes/.nvm/versions/node/v16.20.1/bin/node /opt/homebrew/Cellar/yarn/1.22.19/libexec/bin/yarn.js test

PATH: 
  /Users/evertonvanonifernandes/.nvm/versions/node/v16.20.1/bin:/opt/homebrew/bin:/opt/homebrew/sbin:/usr/local/bin:/usr/bin:/bin:/usr/sbin:/sbin:/Users/evertonvanonifernandes/.nvm/versions/node/v16.20.1/bin:/opt/homebrew/bin:/opt/homebrew/sbin:/Users/evertonvanonifernandes/.cargo/bin:/Users/evertonvanonifernandes/Library/Application Support/JetBrains/Toolbox/scripts:/Users/evertonvanonifernandes/Documents/class-data-store/node_modules/.bin:/Users/evertonvanonifernandes/Library/Application Support/JetBrains/Toolbox/scripts

Yarn version: 
  1.22.19

Node version: 
  16.20.1

Platform: 
  darwin arm64

Trace: 
  SyntaxError: /Users/evertonvanonifernandes/Documents/class-data-store/package.json: Unexpected token ' in JSON at position 281
      at JSON.parse (<anonymous>)
      at /opt/homebrew/Cellar/yarn/1.22.19/libexec/lib/cli.js:1629:59
      at Generator.next (<anonymous>)
      at step (/opt/homebrew/Cellar/yarn/1.22.19/libexec/lib/cli.js:310:30)
      at /opt/homebrew/Cellar/yarn/1.22.19/libexec/lib/cli.js:321:13

npm manifest: 
  {
    "name": "class-data-store",
    "version": "1.0.0",
    "description": "This repository is a mode to store data using class of JS/TS. It can be useful in some cases that we don't have a tool to store data.",
    "main": "index.js",
    "scripts": {
      "build": "npx tsc",
      "test": 'jest'
    },
    "keywords": [],
    "author": "",
    "license": "ISC",
    "devDependencies": {
      "@types/jest": "^29.5.3",
      "jest": "^29.6.1",
      "ts-loader": "^9.4.4",
      "typescript": "^5.1.6",
      "webpack": "^5.88.2",
      "webpack-cli": "^5.1.4"
    },
    "dependencies": {
      "acorn": "^8.10.0",
      "acorn-import-assertions": "^1.9.0",
      "ajv": "^6.12.6",
      "ajv-keywords": "^3.5.2",
      "ansi-styles": "^4.3.0",
      "braces": "^3.0.2",
      "browserslist": "^4.21.9",
      "buffer-from": "^1.1.2",
      "caniuse-lite": "^1.0.30001517",
      "chalk": "^4.1.2",
      "chrome-trace-event": "^1.0.3",
      "clone-deep": "^4.0.1",
      "color-convert": "^2.0.1",
      "color-name": "^1.1.4",
      "colorette": "^2.0.20",
      "commander": "^2.20.3",
      "cross-spawn": "^7.0.3",
      "electron-to-chromium": "^1.4.468",
      "enhanced-resolve": "^5.15.0",
      "envinfo": "^7.10.0",
      "es-module-lexer": "^1.3.0",
      "escalade": "^3.1.1",
      "eslint-scope": "^5.1.1",
      "esrecurse": "^4.3.0",
      "estraverse": "^4.3.0",
      "events": "^3.3.0",
      "fast-deep-equal": "^3.1.3",
      "fast-json-stable-stringify": "^2.1.0",
      "fastest-levenshtein": "^1.0.16",
      "fill-range": "^7.0.1",
      "find-up": "^4.1.0",
      "function-bind": "^1.1.1",
      "glob-to-regexp": "^0.4.1",
      "graceful-fs": "^4.2.11",
      "has": "^1.0.3",
      "has-flag": "^4.0.0",
      "import-local": "^3.1.0",
      "interpret": "^3.1.1",
      "is-core-module": "^2.12.1",
      "is-number": "^7.0.0",
      "is-plain-object": "^2.0.4",
      "isexe": "^2.0.0",
      "isobject": "^3.0.1",
      "jest-worker": "^27.5.1",
      "json-parse-even-better-errors": "^2.3.1",
      "json-schema-traverse": "^0.4.1",
      "kind-of": "^6.0.3",
      "loader-runner": "^4.3.0",
      "locate-path": "^5.0.0",
      "lru-cache": "^6.0.0",
      "merge-stream": "^2.0.0",
      "micromatch": "^4.0.5",
      "mime-db": "^1.52.0",
      "mime-types": "^2.1.35",
      "neo-async": "^2.6.2",
      "node-releases": "^2.0.13",
      "p-limit": "^2.3.0",
      "p-locate": "^4.1.0",
      "p-try": "^2.2.0",
      "path-exists": "^4.0.0",
      "path-key": "^3.1.1",
      "path-parse": "^1.0.7",
      "picocolors": "^1.0.0",
      "picomatch": "^2.3.1",
      "pkg-dir": "^4.2.0",
      "punycode": "^2.3.0",
      "randombytes": "^2.1.0",
      "rechoir": "^0.8.0",
      "resolve": "^1.22.2",
      "resolve-cwd": "^3.0.0",
      "resolve-from": "^5.0.0",
      "safe-buffer": "^5.2.1",
      "schema-utils": "^3.3.0",
      "semver": "^7.5.4",
      "serialize-javascript": "^6.0.1",
      "shallow-clone": "^3.0.1",
      "shebang-command": "^2.0.0",
      "shebang-regex": "^3.0.0",
      "source-map": "^0.6.1",
      "source-map-support": "^0.5.21",
      "supports-color": "^7.2.0",
      "supports-preserve-symlinks-flag": "^1.0.0",
      "tapable": "^2.2.1",
      "terser": "^5.19.2",
      "terser-webpack-plugin": "^5.3.9",
      "to-regex-range": "^5.0.1",
      "update-browserslist-db": "^1.0.11",
      "uri-js": "^4.4.1",
      "watchpack": "^2.4.0",
      "webpack-merge": "^5.9.0",
      "webpack-sources": "^3.2.3",
      "which": "^2.0.2",
      "wildcard": "^2.0.1",
      "yallist": "^4.0.0"
    }
  }

yarn manifest: 
  No manifest

Lockfile: 
  No lockfile
